<?xml version="1.0" encoding="UTF-8"?>
<!-- Generated by org.testng.reporters.JUnitXMLReporter -->
<testsuite hostname="Chetuiwk1258" ignored="0" name="CrmTestCases" tests="5" failures="3" timestamp="03 Jan 2020 13:40:55 GMT" time="94.979" errors="0">
  <testcase name="verifycontactpagenavigation" time="1.748" classname="com.crm.TestCases.CrmDashboardTest"/>
  <testcase name="verifycompanypagenavigation" time="1.886" classname="com.crm.TestCases.CrmDashboardTest"/>
  <testcase name="verifydealspagenavigation" time="1.826" classname="com.crm.TestCases.CrmDashboardTest">
    <failure type="java.lang.AssertionError" message="expected [Deadls] but found [Deals]">
      <![CDATA[java.lang.AssertionError: expected [Deadls] but found [Deals]
	at com.crm.TestCases.CrmDashboardTest.verifydealspagenavigation(CrmDashboardTest.java:59)
... Removed 31 stack frames]]>
    </failure>
  </testcase> <!-- verifydealspagenavigation -->
  <testcase name="verifytaskspagenavigation" time="2.237" classname="com.crm.TestCases.CrmDashboardTest">
    <failure type="java.lang.AssertionError" message="expected [Taskss] but found [Tasks]">
      <![CDATA[java.lang.AssertionError: expected [Taskss] but found [Tasks]
	at com.crm.TestCases.CrmDashboardTest.verifytaskspagenavigation(CrmDashboardTest.java:66)
... Removed 31 stack frames]]>
    </failure>
  </testcase> <!-- verifytaskspagenavigation -->
  <testcase name="verifycasespagenavigation" time="1.961" classname="com.crm.TestCases.CrmDashboardTest">
    <failure type="java.lang.AssertionError" message="expected [Casdes] but found [Cases]">
      <![CDATA[java.lang.AssertionError: expected [Casdes] but found [Cases]
	at com.crm.TestCases.CrmDashboardTest.verifycasespagenavigation(CrmDashboardTest.java:73)
... Removed 31 stack frames]]>
    </failure>
  </testcase> <!-- verifycasespagenavigation -->
</testsuite> <!-- CrmTestCases -->
